<?xml version="1.0" encoding="UTF-8" ?>
<testsuite tests="11" failures="1" name="edu.berkeley.cs186.database.query.TestJoinOperator" time="1.816" errors="0" skipped="0">
  <properties>
[...]
</properties>
  <testcase classname="edu.berkeley.cs186.database.query.TestJoinOperator" name="testSimpleJoin" time="0.069"/>
  <testcase classname="edu.berkeley.cs186.database.query.TestJoinOperator" name="testSimpleJoinGHJ" time="0.047"/>
  <testcase classname="edu.berkeley.cs186.database.query.TestJoinOperator" name="testSimpleJoinBNLJ" time="0.136"/>
  <testcase classname="edu.berkeley.cs186.database.query.TestJoinOperator" name="testSimpleJoinPNLJ" time="0.173"/>
  <testcase classname="edu.berkeley.cs186.database.query.TestJoinOperator" name="testEmptyJoin" time="0.004"/>
  <testcase classname="edu.berkeley.cs186.database.query.TestJoinOperator" name="testSimpleSortMergeJoin" time="0.025">
    <failure message="expected:&lt;10000&gt; but was:&lt;0&gt;" type="java.lang.AssertionError">java.lang.AssertionError: expected:&lt;10000&gt; but was:&lt;0&gt;
	at org.junit.Assert.fail(Assert.java:88)
	at org.junit.Assert.failNotEquals(Assert.java:834)
	at org.junit.Assert.assertEquals(Assert.java:645)
	at org.junit.Assert.assertEquals(Assert.java:631)
	at edu.berkeley.cs186.database.query.TestJoinOperator.testSimpleSortMergeJoin(TestJoinOperator.java:238)
	at sun.reflect.NativeMethodAccessorImpl.invoke0(Native Method)
	at sun.reflect.NativeMethodAccessorImpl.invoke(NativeMethodAccessorImpl.java:62)
	at sun.reflect.DelegatingMethodAccessorImpl.invoke(DelegatingMethodAccessorImpl.java:43)
	at java.lang.reflect.Method.invoke(Method.java:498)
	at org.junit.runners.model.FrameworkMethod$1.runReflectiveCall(FrameworkMethod.java:50)
	at org.junit.internal.runners.model.ReflectiveCallable.run(ReflectiveCallable.java:12)
	at org.junit.runners.model.FrameworkMethod.invokeExplosively(FrameworkMethod.java:47)
	at org.junit.internal.runners.statements.InvokeMethod.evaluate(InvokeMethod.java:17)
	at org.junit.internal.runners.statements.FailOnTimeout$CallableStatement.call(FailOnTimeout.java:298)
	at org.junit.internal.runners.statements.FailOnTimeout$CallableStatement.call(FailOnTimeout.java:292)
	at java.util.concurrent.FutureTask.run(FutureTask.java:266)
	at java.lang.Thread.run(Thread.java:745)
</failure>
  </testcase>
  <testcase classname="edu.berkeley.cs186.database.query.TestJoinOperator" name="testOperatorSchema" time="0.003"/>
  <testcase classname="edu.berkeley.cs186.database.query.TestJoinOperator" name="testBNLJDiffOutPutThanPNLJ" time="0.506"/>
  <testcase classname="edu.berkeley.cs186.database.query.TestJoinOperator" name="testSample" time="0.001"/>
  <testcase classname="edu.berkeley.cs186.database.query.TestJoinOperator" name="testSimplePNLJOutputOrder" time="0.51"/>
  <testcase classname="edu.berkeley.cs186.database.query.TestJoinOperator" name="testSimpleGHJOutputOrderUsingThreePartitions" time="0.321"/>
</testsuite>